SF:lib\main.dart
DA:5,0
DA:6,0
DA:7,0
DA:8,0
DA:12,2
DA:15,1
DA:17,1
DA:20,1
DA:21,1
LF:9
LH:5
end_of_record
SF:lib\pages\home_page.dart
DA:7,2
DA:9,1
DA:10,1
DA:14,1
DA:16,1
DA:17,1
DA:18,3
DA:22,1
DA:23,1
DA:25,1
DA:26,1
DA:27,0
DA:28,0
DA:30,0
DA:36,1
DA:37,0
DA:38,0
DA:40,0
DA:49,1
DA:50,0
DA:52,0
DA:54,0
LF:22
LH:13
end_of_record
SF:lib\models\response_model.dart
DA:9,0
DA:15,0
DA:16,0
DA:17,0
DA:18,0
DA:21,0
DA:22,0
DA:23,0
DA:24,0
LF:9
LH:0
end_of_record
SF:lib\models\usage_txn_model.dart
DA:10,0
DA:17,0
DA:18,0
DA:19,0
DA:20,0
DA:21,0
DA:24,0
DA:25,0
DA:26,0
DA:27,0
DA:28,0
DA:29,0
LF:12
LH:0
end_of_record
SF:lib\pages\entry_page.dart
DA:7,1
DA:9,0
DA:10,0
DA:19,0
DA:21,0
DA:22,0
DA:23,0
DA:27,0
DA:28,0
DA:34,0
DA:36,0
DA:37,0
DA:38,0
DA:39,0
DA:44,0
DA:53,0
DA:54,0
DA:55,0
DA:57,0
DA:58,0
DA:59,0
DA:60,0
DA:63,0
DA:67,0
DA:68,0
DA:73,0
DA:75,0
DA:76,0
DA:78,0
DA:79,0
DA:80,0
DA:81,0
DA:82,0
DA:83,0
DA:85,0
DA:87,0
DA:88,0
DA:90,0
DA:95,0
DA:97,0
DA:98,0
LF:41
LH:1
end_of_record
SF:lib\pages\scan_data_page.dart
DA:17,0
DA:19,0
DA:20,0
DA:28,0
DA:30,0
DA:31,0
DA:33,0
DA:34,0
DA:35,0
DA:39,0
DA:40,0
DA:42,0
DA:43,0
DA:45,0
DA:46,0
DA:52,0
DA:54,0
DA:55,0
DA:56,0
DA:59,0
DA:61,0
DA:63,0
DA:64,0
DA:65,0
DA:69,0
DA:71,0
DA:72,0
DA:73,0
DA:77,0
DA:78,0
DA:81,0
DA:88,0
DA:91,0
DA:92,0
DA:94,0
DA:97,0
DA:100,0
DA:101,0
DA:103,0
DA:106,0
DA:107,0
DA:108,0
DA:112,0
LF:43
LH:0
end_of_record
SF:lib\pages\error_page.dart
DA:8,0
DA:10,0
DA:11,0
DA:15,0
DA:17,0
DA:19,0
DA:20,0
DA:22,0
DA:24,0
DA:25,0
DA:30,0
DA:31,0
DA:34,0
DA:37,0
DA:38,0
DA:39,0
DA:40,0
DA:42,0
DA:47,0
DA:48,0
DA:51,0
LF:21
LH:0
end_of_record
SF:lib\pages\exit_page.dart
DA:7,1
DA:9,0
DA:10,0
DA:19,0
DA:21,0
DA:22,0
DA:23,0
DA:27,0
DA:28,0
DA:34,0
DA:36,0
DA:37,0
DA:38,0
DA:39,0
DA:44,0
DA:53,0
DA:54,0
DA:55,0
DA:57,0
DA:58,0
DA:59,0
DA:60,0
DA:63,0
DA:67,0
DA:68,0
DA:73,0
DA:75,0
DA:76,0
DA:78,0
DA:79,0
DA:80,0
DA:81,0
DA:82,0
DA:83,0
DA:85,0
DA:87,0
DA:88,0
DA:90,0
DA:95,0
DA:97,0
DA:98,0
LF:41
LH:1
end_of_record
SF:lib\pages\setting_page.dart
DA:9,1
DA:11,0
DA:12,0
DA:18,0
DA:20,0
DA:21,0
DA:24,0
DA:25,0
DA:26,0
DA:27,0
DA:28,0
DA:29,0
DA:33,0
DA:34,0
DA:39,0
DA:41,0
DA:42,0
DA:43,0
DA:46,0
DA:48,0
DA:50,0
DA:52,0
DA:53,0
DA:54,0
DA:56,0
DA:58,0
DA:59,0
DA:63,0
DA:64,0
DA:66,0
DA:68,0
DA:70,0
DA:71,0
DA:83,0
DA:84,0
DA:86,0
DA:87,0
DA:88,0
DA:89,0
DA:91,0
LF:40
LH:1
end_of_record
SF:lib\pages\successful_page.dart
DA:8,0
DA:10,0
DA:11,0
DA:15,0
DA:17,0
DA:19,0
DA:20,0
DA:22,0
DA:24,0
DA:25,0
DA:30,0
DA:31,0
DA:34,0
DA:38,0
DA:39,0
DA:42,0
LF:16
LH:0
end_of_record
SF:lib\service\usage_txn_service.dart
DA:11,0
DA:13,0
DA:14,0
DA:16,0
DA:19,0
DA:20,0
DA:24,0
LF:7
LH:0
end_of_record
SF:lib\service\base_api_service.dart
DA:10,0
DA:12,0
DA:14,0
DA:18,0
DA:19,0
DA:22,0
DA:25,0
DA:26,0
DA:27,0
DA:29,0
DA:33,0
DA:34,0
DA:35,0
DA:36,0
DA:37,0
DA:38,0
DA:41,0
DA:46,0
DA:47,0
DA:48,0
DA:50,0
DA:53,0
DA:57,0
DA:58,0
DA:59,0
DA:60,0
DA:61,0
DA:62,0
DA:65,0
DA:70,0
DA:71,0
DA:72,0
DA:74,0
DA:77,0
DA:81,0
DA:82,0
DA:83,0
DA:84,0
DA:85,0
DA:86,0
DA:89,0
DA:94,0
DA:95,0
DA:96,0
DA:98,0
DA:101,0
DA:105,0
DA:106,0
DA:107,0
DA:108,0
DA:109,0
DA:112,0
DA:117,0
DA:118,0
DA:119,0
DA:121,0
DA:124,0
DA:128,0
DA:129,0
DA:130,0
DA:131,0
DA:132,0
DA:135,0
DA:140,0
DA:141,0
DA:142,0
DA:144,0
DA:147,0
LF:68
LH:0
end_of_record
